This is pdfTeX, Version 3.141592653-2.6-1.40.25 (TeX Live 2023/Debian) (preloaded format=pdflatex 2023.9.28)  17 OCT 2023 17:58
entering extended mode
 restricted \write18 enabled.
 %&-line parsing enabled.
**documento.tex
(./documento.tex
LaTeX2e <2023-06-01>
L3 programming layer <2023-06-05>
(/usr/share/texlive/texmf-dist/tex/latex/base/book.cls
Document Class: book 2023/05/17 v1.4n Standard LaTeX document class
(/usr/share/texlive/texmf-dist/tex/latex/base/bk11.clo
File: bk11.clo 2023/05/17 v1.4n Standard LaTeX file (size option)
)
\c@part=\count185
\c@chapter=\count186
\c@section=\count187
\c@subsection=\count188
\c@subsubsection=\count189
\c@paragraph=\count190
\c@subparagraph=\count191
\c@figure=\count192
\c@table=\count193
\abovecaptionskip=\skip48
\belowcaptionskip=\skip49
\bibindent=\dimen140
)
(/usr/share/texlive/texmf-dist/tex/latex/base/inputenc.sty
Package: inputenc 2021/02/14 v1.3d Input encoding file
\inpenc@prehook=\toks17
\inpenc@posthook=\toks18
)
(/usr/share/texlive/texmf-dist/tex/generic/babel/babel.sty
Package: babel 2023/05/11 v3.89 The Babel package
\babel@savecnt=\count194
\U@D=\dimen141
\l@unhyphenated=\language3

(/usr/share/texlive/texmf-dist/tex/generic/babel/txtbabel.def)
\bbl@readstream=\read2
\bbl@dirlevel=\count195
Package babel Info: You haven't specified a language as a class or package
(babel)             option. I'll load 'nil'. Reported on input line 4262.

(/usr/share/texlive/texmf-dist/tex/generic/babel/nil.ldf
Language: nil 2023/05/11 v3.89 Nil language
\l@nil=\language4
))
(/usr/share/texlive/texmf-dist/tex/latex/amsmath/amsmath.sty
Package: amsmath 2023/05/13 v2.17o AMS math features
\@mathmargin=\skip50

For additional information on amsmath, use the `?' option.
(/usr/share/texlive/texmf-dist/tex/latex/amsmath/amstext.sty
Package: amstext 2021/08/26 v2.01 AMS text

(/usr/share/texlive/texmf-dist/tex/latex/amsmath/amsgen.sty
File: amsgen.sty 1999/11/30 v2.0 generic functions
\@emptytoks=\toks19
\ex@=\dimen142
))
(/usr/share/texlive/texmf-dist/tex/latex/amsmath/amsbsy.sty
Package: amsbsy 1999/11/29 v1.2d Bold Symbols
\pmbraise@=\dimen143
)
(/usr/share/texlive/texmf-dist/tex/latex/amsmath/amsopn.sty
Package: amsopn 2022/04/08 v2.04 operator names
)
\inf@bad=\count196
LaTeX Info: Redefining \frac on input line 234.
\uproot@=\count197
\leftroot@=\count198
LaTeX Info: Redefining \overline on input line 399.
LaTeX Info: Redefining \colon on input line 410.
\classnum@=\count199
\DOTSCASE@=\count266
LaTeX Info: Redefining \ldots on input line 496.
LaTeX Info: Redefining \dots on input line 499.
LaTeX Info: Redefining \cdots on input line 620.
\Mathstrutbox@=\box51
\strutbox@=\box52
LaTeX Info: Redefining \big on input line 722.
LaTeX Info: Redefining \Big on input line 723.
LaTeX Info: Redefining \bigg on input line 724.
LaTeX Info: Redefining \Bigg on input line 725.
\big@size=\dimen144
LaTeX Font Info:    Redeclaring font encoding OML on input line 743.
LaTeX Font Info:    Redeclaring font encoding OMS on input line 744.
\macc@depth=\count267
LaTeX Info: Redefining \bmod on input line 905.
LaTeX Info: Redefining \pmod on input line 910.
LaTeX Info: Redefining \smash on input line 940.
LaTeX Info: Redefining \relbar on input line 970.
LaTeX Info: Redefining \Relbar on input line 971.
\c@MaxMatrixCols=\count268
\dotsspace@=\muskip16
\c@parentequation=\count269
\dspbrk@lvl=\count270
\tag@help=\toks20
\row@=\count271
\column@=\count272
\maxfields@=\count273
\andhelp@=\toks21
\eqnshift@=\dimen145
\alignsep@=\dimen146
\tagshift@=\dimen147
\tagwidth@=\dimen148
\totwidth@=\dimen149
\lineht@=\dimen150
\@envbody=\toks22
\multlinegap=\skip51
\multlinetaggap=\skip52
\mathdisplay@stack=\toks23
LaTeX Info: Redefining \[ on input line 2953.
LaTeX Info: Redefining \] on input line 2954.
)
(/usr/share/texlive/texmf-dist/tex/latex/amsfonts/amsfonts.sty
Package: amsfonts 2013/01/14 v3.01 Basic AMSFonts support
\symAMSa=\mathgroup4
\symAMSb=\mathgroup5
LaTeX Font Info:    Redeclaring math symbol \hbar on input line 98.
LaTeX Font Info:    Overwriting math alphabet `\mathfrak' in version `bold'
(Font)                  U/euf/m/n --> U/euf/b/n on input line 106.
)
(/usr/share/texlive/texmf-dist/tex/latex/amsfonts/amssymb.sty
Package: amssymb 2013/01/14 v3.01 AMS font symbols
)
(/usr/share/texlive/texmf-dist/tex/latex/graphics/graphicx.sty
Package: graphicx 2021/09/16 v1.2d Enhanced LaTeX Graphics (DPC,SPQR)

(/usr/share/texlive/texmf-dist/tex/latex/graphics/keyval.sty
Package: keyval 2022/05/29 v1.15 key=value parser (DPC)
\KV@toks@=\toks24
)
(/usr/share/texlive/texmf-dist/tex/latex/graphics/graphics.sty
Package: graphics 2022/03/10 v1.4e Standard LaTeX Graphics (DPC,SPQR)

(/usr/share/texlive/texmf-dist/tex/latex/graphics/trig.sty
Package: trig 2021/08/11 v1.11 sin cos tan (DPC)
)
(/usr/share/texlive/texmf-dist/tex/latex/graphics-cfg/graphics.cfg
File: graphics.cfg 2016/06/04 v1.11 sample graphics configuration
)
Package graphics Info: Driver file: pdftex.def on input line 107.

(/usr/share/texlive/texmf-dist/tex/latex/graphics-def/pdftex.def
File: pdftex.def 2022/09/22 v1.2b Graphics/color driver for pdftex
))
\Gin@req@height=\dimen151
\Gin@req@width=\dimen152
)
(/usr/share/texlive/texmf-dist/tex/latex/transparent/transparent.sty
Package: transparent 2022-10-27 v1.5 Transparency with color stacks

(/usr/share/texlive/texmf-dist/tex/latex/transparent/transparent-nometadata.sty
Package: transparent-nometadata 2022-10-27 v1.5 Transparency via pdfTeX's color
 stack (HO)
(/usr/share/texlive/texmf-dist/tex/generic/iftex/iftex.sty
Package: iftex 2022/02/03 v1.0f TeX engine tests
)
(/usr/share/texlive/texmf-dist/tex/latex/auxhook/auxhook.sty
Package: auxhook 2019-12-17 v1.6 Hooks for auxiliary files (HO)
)))
(/usr/share/texlive/texmf-dist/tex/latex/geometry/geometry.sty
Package: geometry 2020/01/02 v5.9 Page Geometry

(/usr/share/texlive/texmf-dist/tex/generic/iftex/ifvtex.sty
Package: ifvtex 2019/10/25 v1.7 ifvtex legacy package. Use iftex instead.
)
\Gm@cnth=\count274
\Gm@cntv=\count275
\c@Gm@tempcnt=\count276
\Gm@bindingoffset=\dimen153
\Gm@wd@mp=\dimen154
\Gm@odd@mp=\dimen155
\Gm@even@mp=\dimen156
\Gm@layoutwidth=\dimen157
\Gm@layoutheight=\dimen158
\Gm@layouthoffset=\dimen159
\Gm@layoutvoffset=\dimen160
\Gm@dimlist=\toks25
)
(/usr/share/texlive/texmf-dist/tex/latex/setspace/setspace.sty
Package: setspace 2022/12/04 v6.7b set line spacing
)
(/usr/share/texlive/texmf-dist/tex/latex/eso-pic/eso-pic.sty
Package: eso-pic 2023/05/03 v3.0c eso-pic (RN)
\ESO@tempdima=\dimen161
\ESO@tempdimb=\dimen162

(/usr/share/texlive/texmf-dist/tex/latex/xcolor/xcolor.sty
Package: xcolor 2022/06/12 v2.14 LaTeX color extensions (UK)

(/usr/share/texlive/texmf-dist/tex/latex/graphics-cfg/color.cfg
File: color.cfg 2016/01/02 v1.6 sample color configuration
)
Package xcolor Info: Driver file: pdftex.def on input line 227.

(/usr/share/texlive/texmf-dist/tex/latex/graphics/mathcolor.ltx)
Package xcolor Info: Model `cmy' substituted by `cmy0' on input line 1353.
Package xcolor Info: Model `hsb' substituted by `rgb' on input line 1357.
Package xcolor Info: Model `RGB' extended on input line 1369.
Package xcolor Info: Model `HTML' substituted by `rgb' on input line 1371.
Package xcolor Info: Model `Hsb' substituted by `hsb' on input line 1372.
Package xcolor Info: Model `tHsb' substituted by `hsb' on input line 1373.
Package xcolor Info: Model `HSB' substituted by `hsb' on input line 1374.
Package xcolor Info: Model `Gray' substituted by `gray' on input line 1375.
Package xcolor Info: Model `wave' substituted by `hsb' on input line 1376.
))
(/usr/share/texlive/texmf-dist/tex/latex/lipsum/lipsum.sty
(/usr/share/texlive/texmf-dist/tex/latex/l3packages/l3keys2e/l3keys2e.sty
(/usr/share/texlive/texmf-dist/tex/latex/l3kernel/expl3.sty
Package: expl3 2023-06-05 L3 programming layer (loader) 

(/usr/share/texlive/texmf-dist/tex/latex/l3backend/l3backend-pdftex.def
File: l3backend-pdftex.def 2023-04-19 L3 backend support: PDF output (pdfTeX)
\l__color_backend_stack_int=\count277
\l__pdf_internal_box=\box53
))
Package: l3keys2e 2023-02-02 LaTeX2e option processing using LaTeX3 keys
)
Package: lipsum 2021-09-20 v2.7 150 paragraphs of Lorem Ipsum dummy text
\g__lipsum_par_int=\count278
\l__lipsum_a_int=\count279
\l__lipsum_b_int=\count280

(/usr/share/texlive/texmf-dist/tex/latex/lipsum/lipsum.ltd.tex))
(./documento.aux (./Carátula/Caratula.aux) (./CarátulaII/CaratulaII.aux)
(./Capítulo I/Capitulo.aux) (./Capítulo II/Capitulo2.aux)
(./Capítulo III/Capitulo3.aux) (./Capítulo IV/Capitulo4.aux))
\openout1 = `documento.aux'.

LaTeX Font Info:    Checking defaults for OML/cmm/m/it on input line 16.
LaTeX Font Info:    ... okay on input line 16.
LaTeX Font Info:    Checking defaults for OMS/cmsy/m/n on input line 16.
LaTeX Font Info:    ... okay on input line 16.
LaTeX Font Info:    Checking defaults for OT1/cmr/m/n on input line 16.
LaTeX Font Info:    ... okay on input line 16.
LaTeX Font Info:    Checking defaults for T1/cmr/m/n on input line 16.
LaTeX Font Info:    ... okay on input line 16.
LaTeX Font Info:    Checking defaults for TS1/cmr/m/n on input line 16.
LaTeX Font Info:    ... okay on input line 16.
LaTeX Font Info:    Checking defaults for OMX/cmex/m/n on input line 16.
LaTeX Font Info:    ... okay on input line 16.
LaTeX Font Info:    Checking defaults for U/cmr/m/n on input line 16.
LaTeX Font Info:    ... okay on input line 16.

(/usr/share/texlive/texmf-dist/tex/context/base/mkii/supp-pdf.mkii
[Loading MPS to PDF converter (version 2006.09.02).]
\scratchcounter=\count281
\scratchdimen=\dimen163
\scratchbox=\box54
\nofMPsegments=\count282
\nofMParguments=\count283
\everyMPshowfont=\toks26
\MPscratchCnt=\count284
\MPscratchDim=\dimen164
\MPnumerator=\count285
\makeMPintoPDFobject=\count286
\everyMPtoPDFconversion=\toks27
) (/usr/share/texlive/texmf-dist/tex/latex/epstopdf-pkg/epstopdf-base.sty
Package: epstopdf-base 2020-01-24 v2.11 Base part for package epstopdf
Package epstopdf-base Info: Redefining graphics rule for `.eps' on input line 4
85.

(/usr/share/texlive/texmf-dist/tex/latex/latexconfig/epstopdf-sys.cfg
File: epstopdf-sys.cfg 2010/07/13 v1.3 Configuration of (r)epstopdf for TeX Liv
e
))
*geometry* driver: auto-detecting
*geometry* detected driver: pdftex
*geometry* verbose mode - [ preamble ] result:
* driver: pdftex
* paper: letterpaper
* layout: <same size as paper>
* layoutoffset:(h,v)=(0.0pt,0.0pt)
* modes: twoside 
* h-part:(L,W,R)=(72.2698pt, 469.75539pt, 72.2698pt)
* v-part:(T,H,B)=(72.2698pt, 650.43037pt, 72.2698pt)
* \paperwidth=614.295pt
* \paperheight=794.96999pt
* \textwidth=469.75539pt
* \textheight=650.43037pt
* \oddsidemargin=-0.00018pt
* \evensidemargin=-0.00018pt
* \topmargin=-31.87398pt
* \headheight=12.0pt
* \headsep=19.8738pt
* \topskip=11.0pt
* \footskip=27.46295pt
* \marginparwidth=116.0pt
* \marginparsep=7.0pt
* \columnsep=10.0pt
* \skip\footins=10.0pt plus 4.0pt minus 2.0pt
* \hoffset=0.0pt
* \voffset=0.0pt
* \mag=1000
* \@twocolumnfalse
* \@twosidetrue
* \@mparswitchtrue
* \@reversemarginfalse
* (1in=72.27pt=25.4mm, 1cm=28.453pt)

\openout2 = `Carátula/Caratula.aux'.

(./Carátula/Caratula.tex
Underfull \vbox (badness 10000) has occurred while \output is active []

 [1



{/var/lib/texmf/fonts/map/pdftex/updmap/pdftex.map}] [2])
\openout2 = `CarátulaII/CaratulaII.aux'.

 (./CarátulaII/CaratulaII.tex
Underfull \vbox (badness 10000) has occurred while \output is active []

 [1




]
[2]) (./documento.toc
LaTeX Font Info:    Trying to load font information for U+msa on input line 3.
 (/usr/share/texlive/texmf-dist/tex/latex/amsfonts/umsa.fd
File: umsa.fd 2013/01/14 v3.01 AMS symbols A
)
LaTeX Font Info:    Trying to load font information for U+msb on input line 3.
 (/usr/share/texlive/texmf-dist/tex/latex/amsfonts/umsb.fd
File: umsb.fd 2013/01/14 v3.01 AMS symbols B
) [3



])
\tf@toc=\write3
\openout3 = `documento.toc'.

 [4]
\openout2 = `"Capítulo I/Capitulo.aux"'.


(./Capítulo I/Capitulo.tex
Chapter 1.
(./Capítulo I/Secciones/Antecedentes.tex
Overfull \hbox (3.64609pt too wide) in paragraph at lines 3--11
 \OT1/cmr/m/n/10.95 La educaci^^Son en l^^S^^Pnea y las tecnolog^^S^^Pas de la 
informaci^^Son pueden proporcionar flexibilidad
 []

) (./Capítulo I/Secciones/Justificacion.tex [5


] [6]
Overfull \hbox (2.70732pt too wide) in paragraph at lines 54--67
[]\OT1/cmr/m/n/10.95 Una agenda interactiva, tanto para maestros, as^^S^^P como
 para los padres e hijos que proporcione
 []

) (./Capítulo I/Secciones/Planteamiento_del_problema.tex
Overfull \hbox (37.68642pt too wide) in paragraph at lines 68--1
\OT1/cmr/m/n/10.95 atender las necesidades que pueda tener el estudiante, no so
lo materialmente, sino tambi^^Sen psicol^^Sogicamente,
 []


Underfull \vbox (badness 10000) has occurred while \output is active []

 [7]
Underfull \vbox (badness 1688) has occurred while \output is active []

 [8])
(./Capítulo I/Secciones/Preguntas_de_investigacion.tex)
(./Capítulo I/Secciones/Objetivos.tex [9])
(./Capítulo I/Secciones/De_mercado.tex
Overfull \hbox (7.03917pt too wide) in paragraph at lines 4--5
 \OT1/cmr/m/n/10.95 La implementaci^^Son de sistemas automatizados, de interacc
i^^Son o de control; con las facilidades
 []

) (./Capítulo I/Secciones/Alcance.tex
Overfull \hbox (10.00984pt too wide) in paragraph at lines 8--1
 \OT1/cmr/m/n/10.95 El colegio manifiesta la necesidad de mantener y mantenerse
 informado de los acontecimientos
 []

[10]
Overfull \hbox (4.09624pt too wide) in paragraph at lines 5--6
\OT1/cmr/m/n/10.95 espec^^S^^Pficas para distintos tipos de datos. Los lenguaje
s a utilizar principalmente ser^^San JAVASCRIPT,
 []

) (./Capítulo I/Secciones/Hipotesis_y_Variables.tex [11])
(./Capítulo I/Secciones/Indicadores_y_Supuestos.tex [12]
Overfull \hbox (33.12396pt too wide) in paragraph at lines 13--15
[]\OT1/cmr/m/n/10.95 Un estudio de McWayne, Hampton, Fantuzzo, Cohen y Sekino (
2004) encontr^^So que el involucramiento
 []


Overfull \hbox (11.79178pt too wide) in paragraph at lines 13--15
\OT1/cmr/m/n/10.95 ni~nos, incluyendo habilidades sociales, autocontrol y compo
rtamiento prosocial. La participaci^^Son
 []


Overfull \hbox (24.33357pt too wide) in paragraph at lines 13--15
\OT1/cmr/m/n/10.95 activa de la familia en la educaci^^Son de los ni~nos tambi^
^Sen puede mejorar su desarrollo socioemocional. 
 []

) (./Capítulo I/Secciones/Herramientas_de_investigacion.tex
Overfull \hbox (2.12938pt too wide) in paragraph at lines 3--4
 \OT1/cmr/m/n/10.95 Con esta metodolog^^R^^Pa se identificar^^Ran los actores d
eficientes durante el proceso de notificaci^^Ron
 []


Overfull \hbox (1.21687pt too wide) in paragraph at lines 5--6
 \OT1/cmr/m/n/10.95 Se eligi^^Ro una aplicaci^^Ron web progresiva para poder mi
nimizar las deficiencias que se presentan
 []

[13]) (./Capítulo I/Secciones/Planificacion.tex
<Capítulo I/imagenes/Planificacion.png, id=57, 1273.75874pt x 1920.17375pt>
File: Capítulo I/imagenes/Planificacion.png Graphic file (type png)
<use Capítulo I/imagenes/Planificacion.png>
Package pdftex.def Info: Capítulo I/imagenes/Planificacion.png  used on input 
line 6.
(pdftex.def)             Requested size: 469.74792pt x 650.4186pt.
) [14] [15 <./Capítulo I/imagenes/Planificacion.png>] (./Capítulo I/Secciones
/Conceptos_generales.tex
Overfull \hbox (28.86566pt too wide) in paragraph at lines 3--6
 \OT1/cmr/m/n/10.95 El concepto de desarrollo se refiere al proceso de creaci^^
Son, dise~no, implementaci^^Son y mantenimiento
 []


Overfull \hbox (4.04555pt too wide) in paragraph at lines 3--6
\OT1/cmr/m/n/10.95 objetivo principal del desarrollo es crear soluciones eficie
ntes y efectivas que satisfagan las necesidades
 []

))
Overfull \hbox (3.00133pt too wide) in paragraph at lines 11--21
\OT1/cmr/m/n/10.95 permite a los usuarios crear y editar eventos, compartir cal
endarios y recibir recordatorios.  Microsoft
 []

[16] [17]
\openout2 = `"Capítulo II/Capitulo2.aux"'.

 (./Capítulo II/Capitulo2.tex [18




]
Chapter 2.
) [19]
\openout2 = `"Capítulo III/Capitulo3.aux"'.

 (./Capítulo III/Capitulo3.tex [20




]
Chapter 3.
) [21]
\openout2 = `"Capítulo IV/Capitulo4.aux"'.

 (./Capítulo IV/Capitulo4.tex [22




]
Chapter 4.
) [23] (./documento.aux (./Carátula/Caratula.aux)
(./CarátulaII/CaratulaII.aux) (./Capítulo I/Capitulo.aux)
(./Capítulo II/Capitulo2.aux) (./Capítulo III/Capitulo3.aux)
(./Capítulo IV/Capitulo4.aux))
 ***********
LaTeX2e <2023-06-01>
L3 programming layer <2023-06-05>
 ***********
 ) 
Here is how much of TeX's memory you used:
 5565 strings out of 477695
 94026 string characters out of 5831648
 1864759 words of memory out of 5000000
 25904 multiletter control sequences out of 15000+600000
 521800 words of font info for 64 fonts, out of 8000000 for 9000
 14 hyphenation exceptions out of 8191
 79i,6n,93p,870b,254s stack positions out of 10000i,1000n,20000p,200000b,200000s
 </home/gerson/.texlive2023/texmf-var/fonts/pk/ljfour/jknappen/ec/tcrm1095.60
0pk> </home/gerson/.texlive2023/texmf-var/fonts/pk/ljfour/jknappen/ec/tcbx1440.
600pk></usr/share/texlive/texmf-dist/fonts/type1/public/amsfonts/cm/cmbx10.pfb>
</usr/share/texlive/texmf-dist/fonts/type1/public/amsfonts/cm/cmbx12.pfb></usr/
share/texlive/texmf-dist/fonts/type1/public/amsfonts/cm/cmr10.pfb></usr/share/t
exlive/texmf-dist/fonts/type1/public/amsfonts/cm/cmr12.pfb></usr/share/texlive/
texmf-dist/fonts/type1/public/amsfonts/cm/cmsl10.pfb>
Output written on documento.pdf (25 pages, 403875 bytes).
PDF statistics:
 122 PDF objects out of 1000 (max. 8388607)
 80 compressed objects within 1 object stream
 0 named destinations out of 1000 (max. 500000)
 6 words of extra memory for PDF output out of 10000 (max. 10000000)

