This is pdfTeX, Version 3.141592653-2.6-1.40.24 (TeX Live 2022/Debian) (preloaded format=pdflatex 2023.8.4)  22 SEP 2023 22:07
entering extended mode
 restricted \write18 enabled.
 %&-line parsing enabled.
**Caratula.tex
(./Caratula.tex
LaTeX2e <2022-11-01> patch level 1
L3 programming layer <2023-01-16>

! LaTeX Error: Environment titlepage undefined.

See the LaTeX manual or LaTeX Companion for explanation.
Type  H <return>  for immediate help.
 ...                                              
                                                  
l.1 \begin{titlepage}
                     
Your command was ignored.
Type  I <command> <return>  to replace it with another command,
or  <return>  to continue without it.


! LaTeX Error: Missing \begin{document}.

See the LaTeX manual or LaTeX Companion for explanation.
Type  H <return>  for immediate help.
 ...                                              
                                                  
l.2 	\begin{center}
                   
You're in trouble here.  Try typing  <return>  to proceed.
If that doesn't work, type  X <return>  to quit.


Overfull \hbox (20.0pt too wide) in paragraph at lines 2--2
[] 
 []

! Undefined control sequence.
l.3 		{\huge
            \textbf{UNIVERSIDAD MARIANO GALVEZ DE GUATEMALA}}
The control sequence at the end of the top line
of your error message was never \def'ed. If you have
misspelled it (e.g., `\hobx'), type `I' and the correct
spelling (e.g., `I\hbox'). Otherwise just continue,
and I'll forget about whatever was undefined.


Overfull \hbox (83.84676pt too wide) in paragraph at lines 3--4
 \OT1/cmr/bx/n/10 UNIVERSIDAD 
 []


Overfull \hbox (32.06927pt too wide) in paragraph at lines 3--4
 \OT1/cmr/bx/n/10 MAR- 
 []


Overfull \hbox (8.1944pt too wide) in paragraph at lines 3--4
 \OT1/cmr/bx/n/10 I- 
 []


Overfull \hbox (26.33319pt too wide) in paragraph at lines 3--4
 \OT1/cmr/bx/n/10 ANO 
 []


Overfull \hbox (46.65251pt too wide) in paragraph at lines 3--4
 \OT1/cmr/bx/n/10 GALVEZ 
 []


Overfull \hbox (16.37491pt too wide) in paragraph at lines 3--4
 \OT1/cmr/bx/n/10 DE 
 []


Overfull \hbox (76.40234pt too wide) in paragraph at lines 3--4
 \OT1/cmr/bx/n/10 GUATEMALA 
 []


! LaTeX Error: \begin{document} ended by \end{titlepage}.

See the LaTeX manual or LaTeX Companion for explanation.
Type  H <return>  for immediate help.
 ...                                              
                                                  
l.5 \end{titlepage}
                   
Your command was ignored.
Type  I <command> <return>  to replace it with another command,
or  <return>  to continue without it.

)
! Emergency stop.
<*> Caratula.tex
                
*** (job aborted, no legal \end found)

 
Here is how much of TeX's memory you used:
 20 strings out of 478051
 431 string characters out of 5840944
 1849330 words of memory out of 5000000
 20249 multiletter control sequences out of 15000+600000
 512595 words of font info for 33 fonts, out of 8000000 for 9000
 14 hyphenation exceptions out of 8191
 15i,1n,12p,111b,125s stack positions out of 10000i,1000n,20000p,200000b,200000s
!  ==> Fatal error occurred, no output PDF file produced!
